

Started GET "/" for 127.0.0.1 at Wed Oct 03 00:47:20 +0900 2012
Connecting to database specified by database.yml
Processing by HomeController#index as HTML
  Rendered home/index.html.erb within layouts/application (1.2ms)
Compiled home.css  (4ms)  (pid 34200)
Compiled application.css  (12ms)  (pid 34200)
Compiled jquery.js  (7ms)  (pid 34200)
Compiled jquery_ujs.js  (41ms)  (pid 34200)
Compiled home.js  (75ms)  (pid 34200)
Compiled application.js  (163ms)  (pid 34200)
Completed 200 OK in 350ms (Views: 350.0ms | ActiveRecord: 0.0ms)


Started GET "/assets/application.css?body=1" for 127.0.0.1 at Wed Oct 03 00:47:20 +0900 2012
Served asset /application.css - 200 OK (5ms)


Started GET "/assets/home.css?body=1" for 127.0.0.1 at Wed Oct 03 00:47:20 +0900 2012
Served asset /home.css - 200 OK (2ms)


Started GET "/assets/jquery.js?body=1" for 127.0.0.1 at Wed Oct 03 00:47:20 +0900 2012
Served asset /jquery.js - 200 OK (3ms)


Started GET "/assets/home.js?body=1" for 127.0.0.1 at Wed Oct 03 00:47:20 +0900 2012
Served asset /home.js - 200 OK (3ms)


Started GET "/assets/application.js?body=1" for 127.0.0.1 at Wed Oct 03 00:47:20 +0900 2012
Served asset /application.js - 200 OK (8ms)


Started GET "/assets/jquery_ujs.js?body=1" for 127.0.0.1 at Wed Oct 03 00:47:20 +0900 2012
Served asset /jquery_ujs.js - 200 OK (5ms)
Connecting to database specified by database.yml
Connecting to database specified by database.yml
  [1m[36m (0.1ms)[0m  [1mselect sqlite_version(*)[0m
  [1m[35m (1.2ms)[0m  CREATE TABLE "schema_migrations" ("version" varchar(255) NOT NULL) 
  [1m[36m (0.0ms)[0m  [1mPRAGMA index_list("schema_migrations")[0m
  [1m[35m (1.0ms)[0m  CREATE UNIQUE INDEX "unique_schema_migrations" ON "schema_migrations" ("version")
  [1m[36m (0.1ms)[0m  [1mSELECT "schema_migrations"."version" FROM "schema_migrations" [0m
Migrating to CreatePosts (20121002154808)
  [1m[35m (0.0ms)[0m  begin transaction
  [1m[36m (0.4ms)[0m  [1mCREATE TABLE "posts" ("id" INTEGER PRIMARY KEY AUTOINCREMENT NOT NULL, "name" varchar(255), "title" varchar(255), "content" text, "created_at" datetime NOT NULL, "updated_at" datetime NOT NULL) [0m
  [1m[35m (0.1ms)[0m  INSERT INTO "schema_migrations" ("version") VALUES ('20121002154808')
  [1m[36m (0.7ms)[0m  [1mcommit transaction[0m
  [1m[35m (0.1ms)[0m  select sqlite_version(*)
  [1m[36m (0.1ms)[0m  [1mSELECT "schema_migrations"."version" FROM "schema_migrations" [0m
  [1m[35m (0.0ms)[0m  PRAGMA index_list("posts")


Started GET "/" for 127.0.0.1 at Wed Oct 03 00:49:25 +0900 2012
Processing by HomeController#index as HTML
  Rendered home/index.html.erb within layouts/application (1.1ms)
Compiled posts.css  (39ms)  (pid 34200)
Compiled scaffolds.css  (21ms)  (pid 34200)
Compiled application.css  (76ms)  (pid 34200)
Compiled posts.js  (54ms)  (pid 34200)
Compiled application.js  (66ms)  (pid 34200)
Completed 200 OK in 283ms (Views: 282.9ms | ActiveRecord: 0.0ms)


Started GET "/assets/application.css?body=1" for 127.0.0.1 at Wed Oct 03 00:49:25 +0900 2012
Served asset /application.css - 304 Not Modified (9ms)


Started GET "/assets/home.css?body=1" for 127.0.0.1 at Wed Oct 03 00:49:25 +0900 2012
Served asset /home.css - 304 Not Modified (0ms)


Started GET "/assets/scaffolds.css?body=1" for 127.0.0.1 at Wed Oct 03 00:49:25 +0900 2012
Served asset /scaffolds.css - 200 OK (2ms)


Started GET "/assets/posts.css?body=1" for 127.0.0.1 at Wed Oct 03 00:49:25 +0900 2012
Served asset /posts.css - 200 OK (3ms)


Started GET "/assets/jquery.js?body=1" for 127.0.0.1 at Wed Oct 03 00:49:25 +0900 2012
Served asset /jquery.js - 304 Not Modified (0ms)


Started GET "/assets/jquery_ujs.js?body=1" for 127.0.0.1 at Wed Oct 03 00:49:25 +0900 2012
Served asset /jquery_ujs.js - 304 Not Modified (0ms)


Started GET "/assets/home.js?body=1" for 127.0.0.1 at Wed Oct 03 00:49:25 +0900 2012
Served asset /home.js - 304 Not Modified (0ms)


Started GET "/assets/posts.js?body=1" for 127.0.0.1 at Wed Oct 03 00:49:25 +0900 2012
Served asset /posts.js - 200 OK (3ms)


Started GET "/assets/application.js?body=1" for 127.0.0.1 at Wed Oct 03 00:49:25 +0900 2012
Served asset /application.js - 304 Not Modified (10ms)


Started GET "/posts" for 127.0.0.1 at Wed Oct 03 00:49:27 +0900 2012
Processing by PostsController#index as HTML
  [1m[36mPost Load (0.1ms)[0m  [1mSELECT "posts".* FROM "posts" [0m
  Rendered posts/index.html.erb within layouts/application (0.9ms)
Completed 200 OK in 23ms (Views: 6.5ms | ActiveRecord: 1.6ms)


Started GET "/assets/application.css?body=1" for 127.0.0.1 at Wed Oct 03 00:49:27 +0900 2012
Served asset /application.css - 304 Not Modified (0ms)


Started GET "/assets/home.js?body=1" for 127.0.0.1 at Wed Oct 03 00:49:27 +0900 2012
Served asset /home.js - 304 Not Modified (0ms)


Started GET "/assets/jquery.js?body=1" for 127.0.0.1 at Wed Oct 03 00:49:27 +0900 2012
Served asset /jquery.js - 304 Not Modified (0ms)


Started GET "/assets/jquery_ujs.js?body=1" for 127.0.0.1 at Wed Oct 03 00:49:27 +0900 2012
Served asset /jquery_ujs.js - 304 Not Modified (0ms)


Started GET "/assets/home.css?body=1" for 127.0.0.1 at Wed Oct 03 00:49:27 +0900 2012
Served asset /home.css - 304 Not Modified (0ms)


Started GET "/assets/application.js?body=1" for 127.0.0.1 at Wed Oct 03 00:49:27 +0900 2012
Served asset /application.js - 304 Not Modified (0ms)
Connecting to database specified by database.yml
